2021-02-02_15-26-08 [restartedMain] INFO  c.c.i.IpTreatmentMicroServiceApplication - Starting IpTreatmentMicroServiceApplication using Java 11.0.3 on PCIN512543 with PID 9716 (C:\Users\877998\Desktop\International-Patient-Management-System\IPTreatment-MicroService (3)\IPTreatment-MicroService\target\classes started by 877998 in C:\Users\877998\Desktop\International-Patient-Management-System\IPTreatment-MicroService (3)\IPTreatment-MicroService)
2021-02-02_15-26-08 [restartedMain] INFO  c.c.i.IpTreatmentMicroServiceApplication - No active profile set, falling back to default profiles: default
2021-02-02_15-26-08 [restartedMain] INFO  o.s.d.r.c.RepositoryConfigurationDelegate - Bootstrapping Spring Data JPA repositories in DEFAULT mode.
2021-02-02_15-26-08 [restartedMain] INFO  o.s.d.r.c.RepositoryConfigurationDelegate - Finished Spring Data repository scanning in 20 ms. Found 2 JPA repository interfaces.
2021-02-02_15-26-08 [restartedMain] INFO  o.s.cloud.context.scope.GenericScope - BeanFactory id=8fd47c79-7f49-342e-8f95-53d11b8133a3
2021-02-02_15-26-08 [restartedMain] INFO  o.s.c.s.PostProcessorRegistrationDelegate$BeanPostProcessorChecker - Bean 'com.cts.iptreatment.feign.AuthorizationClient' of type [org.springframework.cloud.openfeign.FeignClientFactoryBean] is not eligible for getting processed by all BeanPostProcessors (for example: not eligible for auto-proxying)
2021-02-02_15-26-08 [restartedMain] INFO  o.s.c.s.PostProcessorRegistrationDelegate$BeanPostProcessorChecker - Bean 'com.cts.iptreatment.feign.IPTreatmentOfferingClient' of type [org.springframework.cloud.openfeign.FeignClientFactoryBean] is not eligible for getting processed by all BeanPostProcessors (for example: not eligible for auto-proxying)
2021-02-02_15-26-08 [restartedMain] INFO  o.s.c.s.PostProcessorRegistrationDelegate$BeanPostProcessorChecker - Bean 'com.cts.iptreatment.feign.InsuranceClaimClient' of type [org.springframework.cloud.openfeign.FeignClientFactoryBean] is not eligible for getting processed by all BeanPostProcessors (for example: not eligible for auto-proxying)
2021-02-02_15-26-08 [restartedMain] INFO  o.s.b.w.e.tomcat.TomcatWebServer - Tomcat initialized with port(s): 8200 (http)
2021-02-02_15-26-08 [restartedMain] INFO  o.a.catalina.core.StandardService - Starting service [Tomcat]
2021-02-02_15-26-08 [restartedMain] INFO  o.a.catalina.core.StandardEngine - Starting Servlet engine: [Apache Tomcat/9.0.41]
2021-02-02_15-26-08 [restartedMain] INFO  o.a.c.c.C.[Tomcat].[localhost].[/] - Initializing Spring embedded WebApplicationContext
2021-02-02_15-26-08 [restartedMain] INFO  o.s.b.w.s.c.ServletWebServerApplicationContext - Root WebApplicationContext: initialization completed in 518 ms
2021-02-02_15-26-08 [restartedMain] INFO  com.zaxxer.hikari.HikariDataSource - HikariPool-3 - Starting...
2021-02-02_15-26-08 [restartedMain] INFO  com.zaxxer.hikari.HikariDataSource - HikariPool-3 - Start completed.
2021-02-02_15-26-08 [restartedMain] INFO  o.s.b.a.h.H2ConsoleAutoConfiguration - H2 console available at '/db'. Database available at 'jdbc:h2:mem:treatment_db'
2021-02-02_15-26-08 [restartedMain] INFO  o.s.o.j.LocalContainerEntityManagerFactoryBean - Initialized JPA EntityManagerFactory for persistence unit 'default'
2021-02-02_15-26-08 [restartedMain] INFO  s.d.s.w.PropertySourcedRequestMappingHandlerMapping - Mapped URL path [/v2/api-docs] onto method [springfox.documentation.swagger2.web.Swagger2Controller#getDocumentation(String, HttpServletRequest)]
2021-02-02_15-26-08 [restartedMain] INFO  o.s.s.c.ThreadPoolTaskExecutor - Initializing ExecutorService 'applicationTaskExecutor'
2021-02-02_15-26-08 [restartedMain] INFO  o.s.b.w.e.tomcat.TomcatWebServer - Tomcat started on port(s): 8200 (http) with context path ''
2021-02-02_15-26-08 [restartedMain] INFO  s.d.s.w.p.DocumentationPluginsBootstrapper - Context refreshed
2021-02-02_15-26-08 [restartedMain] INFO  s.d.s.w.p.DocumentationPluginsBootstrapper - Found 1 custom documentation plugin(s)
2021-02-02_15-26-08 [restartedMain] INFO  s.d.s.w.s.ApiListingReferenceScanner - Scanning for api listing references
2021-02-02_15-26-08 [restartedMain] INFO  c.c.i.IpTreatmentMicroServiceApplication - Started IpTreatmentMicroServiceApplication in 1.296 seconds (JVM running for 1034.343)
2021-02-02_15-26-08 [restartedMain] INFO  o.s.b.d.a.ConditionEvaluationDeltaLoggingListener - Condition evaluation unchanged
2021-02-02_19-53-36 [restartedMain] INFO  c.c.i.IpTreatmentMicroServiceApplication - Starting IpTreatmentMicroServiceApplication using Java 11.0.3 on PCIN512543 with PID 17424 (C:\Users\877998\Desktop\International-Patient-Management-System\IPTreatment-MicroService (3)\IPTreatment-MicroService\target\classes started by 877998 in C:\Users\877998\Desktop\International-Patient-Management-System\IPTreatment-MicroService (3)\IPTreatment-MicroService)
2021-02-02_19-53-36 [restartedMain] INFO  c.c.i.IpTreatmentMicroServiceApplication - No active profile set, falling back to default profiles: default
2021-02-02_19-53-36 [restartedMain] INFO  o.s.b.d.e.DevToolsPropertyDefaultsPostProcessor - Devtools property defaults active! Set 'spring.devtools.add-properties' to 'false' to disable
2021-02-02_19-53-36 [restartedMain] INFO  o.s.b.d.e.DevToolsPropertyDefaultsPostProcessor - For additional web related logging consider setting the 'logging.level.web' property to 'DEBUG'
2021-02-02_19-53-36 [restartedMain] INFO  o.s.d.r.c.RepositoryConfigurationDelegate - Bootstrapping Spring Data JPA repositories in DEFAULT mode.
2021-02-02_19-53-36 [restartedMain] INFO  o.s.d.r.c.RepositoryConfigurationDelegate - Finished Spring Data repository scanning in 57 ms. Found 2 JPA repository interfaces.
2021-02-02_19-53-36 [restartedMain] INFO  o.s.cloud.context.scope.GenericScope - BeanFactory id=8fd47c79-7f49-342e-8f95-53d11b8133a3
2021-02-02_19-53-36 [restartedMain] INFO  o.s.c.s.PostProcessorRegistrationDelegate$BeanPostProcessorChecker - Bean 'com.cts.iptreatment.feign.AuthorizationClient' of type [org.springframework.cloud.openfeign.FeignClientFactoryBean] is not eligible for getting processed by all BeanPostProcessors (for example: not eligible for auto-proxying)
2021-02-02_19-53-36 [restartedMain] INFO  o.s.c.s.PostProcessorRegistrationDelegate$BeanPostProcessorChecker - Bean 'com.cts.iptreatment.feign.IPTreatmentOfferingClient' of type [org.springframework.cloud.openfeign.FeignClientFactoryBean] is not eligible for getting processed by all BeanPostProcessors (for example: not eligible for auto-proxying)
2021-02-02_19-53-36 [restartedMain] INFO  o.s.c.s.PostProcessorRegistrationDelegate$BeanPostProcessorChecker - Bean 'com.cts.iptreatment.feign.InsuranceClaimClient' of type [org.springframework.cloud.openfeign.FeignClientFactoryBean] is not eligible for getting processed by all BeanPostProcessors (for example: not eligible for auto-proxying)
2021-02-02_19-53-36 [restartedMain] INFO  o.s.b.w.e.tomcat.TomcatWebServer - Tomcat initialized with port(s): 8200 (http)
2021-02-02_19-53-36 [restartedMain] INFO  o.a.coyote.http11.Http11NioProtocol - Initializing ProtocolHandler ["http-nio-8200"]
2021-02-02_19-53-36 [restartedMain] INFO  o.a.catalina.core.StandardService - Starting service [Tomcat]
2021-02-02_19-53-36 [restartedMain] INFO  o.a.catalina.core.StandardEngine - Starting Servlet engine: [Apache Tomcat/9.0.41]
2021-02-02_19-53-36 [restartedMain] INFO  o.a.c.c.C.[Tomcat].[localhost].[/] - Initializing Spring embedded WebApplicationContext
2021-02-02_19-53-36 [restartedMain] INFO  o.s.b.w.s.c.ServletWebServerApplicationContext - Root WebApplicationContext: initialization completed in 2387 ms
2021-02-02_19-53-36 [restartedMain] INFO  com.zaxxer.hikari.HikariDataSource - HikariPool-1 - Starting...
2021-02-02_19-53-36 [restartedMain] INFO  com.zaxxer.hikari.HikariDataSource - HikariPool-1 - Start completed.
2021-02-02_19-53-36 [restartedMain] INFO  o.s.b.a.h.H2ConsoleAutoConfiguration - H2 console available at '/db'. Database available at 'jdbc:h2:mem:treatment_db'
2021-02-02_19-53-36 [restartedMain] INFO  o.s.o.j.LocalContainerEntityManagerFactoryBean - Initialized JPA EntityManagerFactory for persistence unit 'default'
2021-02-02_19-53-36 [restartedMain] INFO  s.d.s.w.PropertySourcedRequestMappingHandlerMapping - Mapped URL path [/v2/api-docs] onto method [springfox.documentation.swagger2.web.Swagger2Controller#getDocumentation(String, HttpServletRequest)]
2021-02-02_19-53-36 [restartedMain] INFO  o.s.s.c.ThreadPoolTaskExecutor - Initializing ExecutorService 'applicationTaskExecutor'
2021-02-02_19-53-36 [restartedMain] INFO  o.a.coyote.http11.Http11NioProtocol - Starting ProtocolHandler ["http-nio-8200"]
2021-02-02_19-53-36 [restartedMain] INFO  o.s.b.w.e.tomcat.TomcatWebServer - Tomcat started on port(s): 8200 (http) with context path ''
2021-02-02_19-53-36 [restartedMain] INFO  s.d.s.w.p.DocumentationPluginsBootstrapper - Context refreshed
2021-02-02_19-53-36 [restartedMain] INFO  s.d.s.w.p.DocumentationPluginsBootstrapper - Found 1 custom documentation plugin(s)
2021-02-02_19-53-36 [restartedMain] INFO  s.d.s.w.s.ApiListingReferenceScanner - Scanning for api listing references
2021-02-02_19-53-36 [restartedMain] INFO  c.c.i.IpTreatmentMicroServiceApplication - Started IpTreatmentMicroServiceApplication in 6.09 seconds (JVM running for 6.966)
2021-02-02_19-53-36 [http-nio-8200-exec-1] INFO  o.a.c.c.C.[Tomcat].[localhost].[/] - Initializing Spring DispatcherServlet 'dispatcherServlet'
2021-02-02_19-53-36 [http-nio-8200-exec-1] INFO  o.s.web.servlet.DispatcherServlet - Initializing Servlet 'dispatcherServlet'
2021-02-02_19-53-36 [http-nio-8200-exec-1] INFO  o.s.web.servlet.DispatcherServlet - Completed initialization in 1 ms
2021-02-02_19-53-36 [http-nio-8200-exec-1] INFO  c.c.i.service.PatientDeatilsService - [Save patient BEGIN]
2021-02-02_19-53-36 [http-nio-8200-exec-1] INFO  c.c.i.service.PatientDeatilsService - [Save patient END]
2021-02-02_19-53-36 [http-nio-8200-exec-1] INFO  c.c.i.service.PatientDeatilsService - [Save TreatmentPlan BEGIN]
2021-02-02_19-53-36 [http-nio-8200-exec-1] INFO  c.c.i.service.PatientDeatilsService - [Save TreatmentPlan END]
2021-02-02_19-53-36 [http-nio-8200-exec-6] INFO  c.c.i.service.PatientDeatilsService - [Save patient BEGIN]
2021-02-02_19-53-36 [http-nio-8200-exec-6] INFO  c.c.i.service.PatientDeatilsService - [Save patient END]
2021-02-02_19-53-36 [http-nio-8200-exec-6] INFO  c.c.i.service.PatientDeatilsService - [Save TreatmentPlan BEGIN]
2021-02-02_21-28-49 [main] INFO  o.s.b.t.c.SpringBootTestContextBootstrapper - Neither @ContextConfiguration nor @ContextHierarchy found for test class [com.cts.iptreatment.controller.IPTreatmentController], using SpringBootContextLoader
2021-02-02_21-28-49 [main] INFO  o.s.t.c.s.AbstractContextLoader - Could not detect default resource locations for test class [com.cts.iptreatment.controller.IPTreatmentController]: no resource found for suffixes {-context.xml, Context.groovy}.
2021-02-02_21-28-49 [main] INFO  o.s.t.c.s.AnnotationConfigContextLoaderUtils - Could not detect default configuration classes for test class [com.cts.iptreatment.controller.IPTreatmentController]: IPTreatmentController does not declare any static, non-private, non-final, nested classes annotated with @Configuration.
2021-02-02_21-28-49 [main] INFO  o.s.b.t.c.SpringBootTestContextBootstrapper - Found @SpringBootConfiguration com.cts.iptreatment.IpTreatmentMicroServiceApplication for test class com.cts.iptreatment.controller.IPTreatmentController
2021-02-02_21-28-49 [main] INFO  o.s.b.t.c.SpringBootTestContextBootstrapper - Loaded default TestExecutionListener class names from location [META-INF/spring.factories]: [org.springframework.boot.test.mock.mockito.MockitoTestExecutionListener, org.springframework.boot.test.mock.mockito.ResetMocksTestExecutionListener, org.springframework.boot.test.autoconfigure.restdocs.RestDocsTestExecutionListener, org.springframework.boot.test.autoconfigure.web.client.MockRestServiceServerResetTestExecutionListener, org.springframework.boot.test.autoconfigure.web.servlet.MockMvcPrintOnlyOnFailureTestExecutionListener, org.springframework.boot.test.autoconfigure.web.servlet.WebDriverTestExecutionListener, org.springframework.boot.test.autoconfigure.webservices.client.MockWebServiceServerTestExecutionListener, org.springframework.test.context.web.ServletTestExecutionListener, org.springframework.test.context.support.DirtiesContextBeforeModesTestExecutionListener, org.springframework.test.context.event.ApplicationEventsTestExecutionListener, org.springframework.test.context.support.DependencyInjectionTestExecutionListener, org.springframework.test.context.support.DirtiesContextTestExecutionListener, org.springframework.test.context.transaction.TransactionalTestExecutionListener, org.springframework.test.context.jdbc.SqlScriptsTestExecutionListener, org.springframework.test.context.event.EventPublishingTestExecutionListener]
2021-02-02_21-28-49 [main] INFO  o.s.b.t.c.SpringBootTestContextBootstrapper - Using TestExecutionListeners: [org.springframework.test.context.web.ServletTestExecutionListener@e1c91cd, org.springframework.test.context.support.DirtiesContextBeforeModesTestExecutionListener@69e8b711, org.springframework.test.context.event.ApplicationEventsTestExecutionListener@764a3867, org.springframework.boot.test.mock.mockito.MockitoTestExecutionListener@d99df7a, org.springframework.boot.test.autoconfigure.SpringBootDependencyInjectionTestExecutionListener@67e1a5fd, org.springframework.test.context.support.DirtiesContextTestExecutionListener@4b9dc62f, org.springframework.test.context.transaction.TransactionalTestExecutionListener@6cb3463b, org.springframework.test.context.jdbc.SqlScriptsTestExecutionListener@2f9236d8, org.springframework.test.context.event.EventPublishingTestExecutionListener@4536a09a, org.springframework.boot.test.mock.mockito.ResetMocksTestExecutionListener@603faaad, org.springframework.boot.test.autoconfigure.restdocs.RestDocsTestExecutionListener@16cbba0f, org.springframework.boot.test.autoconfigure.web.client.MockRestServiceServerResetTestExecutionListener@28d16af8, org.springframework.boot.test.autoconfigure.web.servlet.MockMvcPrintOnlyOnFailureTestExecutionListener@58932d08, org.springframework.boot.test.autoconfigure.web.servlet.WebDriverTestExecutionListener@45648e75, org.springframework.boot.test.autoconfigure.webservices.client.MockWebServiceServerTestExecutionListener@e344f14]
2021-02-02_21-28-52 [main] INFO  c.c.i.c.IPTreatmentController - Starting IPTreatmentController using Java 11.0.3 on PCIN512543 with PID 17724 (started by 877998 in C:\Users\877998\Desktop\International-Patient-Management-System\IPTreatment-MicroService (3)\IPTreatment-MicroService)
2021-02-02_21-28-52 [main] INFO  c.c.i.c.IPTreatmentController - No active profile set, falling back to default profiles: default
2021-02-02_21-28-52 [main] INFO  o.s.d.r.c.RepositoryConfigurationDelegate - Bootstrapping Spring Data JPA repositories in DEFAULT mode.
2021-02-02_21-28-52 [main] INFO  o.s.d.r.c.RepositoryConfigurationDelegate - Finished Spring Data repository scanning in 312 ms. Found 2 JPA repository interfaces.
2021-02-02_21-28-52 [main] INFO  o.s.cloud.context.scope.GenericScope - BeanFactory id=5610bea5-f8d2-3584-abc2-52aee05e7d21
2021-02-02_21-28-52 [main] INFO  o.s.c.s.PostProcessorRegistrationDelegate$BeanPostProcessorChecker - Bean 'com.cts.iptreatment.feign.InsuranceClaimClient' of type [org.springframework.cloud.openfeign.FeignClientFactoryBean] is not eligible for getting processed by all BeanPostProcessors (for example: not eligible for auto-proxying)
2021-02-02_21-28-52 [main] INFO  com.zaxxer.hikari.HikariDataSource - HikariPool-1 - Starting...
2021-02-02_21-28-52 [main] INFO  com.zaxxer.hikari.HikariDataSource - HikariPool-1 - Start completed.
2021-02-02_21-28-52 [main] INFO  o.s.o.j.LocalContainerEntityManagerFactoryBean - Initialized JPA EntityManagerFactory for persistence unit 'default'
2021-02-02_21-28-52 [main] INFO  o.s.b.a.h.H2ConsoleAutoConfiguration - H2 console available at '/db'. Database available at 'jdbc:h2:mem:treatment_db'
2021-02-02_21-28-52 [main] INFO  s.d.s.w.PropertySourcedRequestMappingHandlerMapping - Mapped URL path [/v2/api-docs] onto method [springfox.documentation.swagger2.web.Swagger2Controller#getDocumentation(String, HttpServletRequest)]
2021-02-02_21-28-52 [main] INFO  o.s.s.c.ThreadPoolTaskExecutor - Initializing ExecutorService 'applicationTaskExecutor'
2021-02-02_21-28-52 [main] INFO  o.s.b.t.m.w.SpringBootMockServletContext - Initializing Spring TestDispatcherServlet ''
2021-02-02_21-28-52 [main] INFO  o.s.t.w.s.TestDispatcherServlet - Initializing Servlet ''
2021-02-02_21-28-52 [main] INFO  o.s.t.w.s.TestDispatcherServlet - Completed initialization in 1 ms
2021-02-02_21-28-52 [main] INFO  s.d.s.w.p.DocumentationPluginsBootstrapper - Context refreshed
2021-02-02_21-28-52 [main] INFO  s.d.s.w.p.DocumentationPluginsBootstrapper - Found 1 custom documentation plugin(s)
2021-02-02_21-28-52 [main] INFO  s.d.s.w.s.ApiListingReferenceScanner - Scanning for api listing references
2021-02-02_21-28-52 [main] INFO  c.c.i.c.IPTreatmentController - Started IPTreatmentController in 17.34 seconds (JVM running for 23.69)
2021-02-02_21-28-52 [main] INFO  o.s.b.t.c.SpringBootTestContextBootstrapper - Neither @ContextConfiguration nor @ContextHierarchy found for test class [com.cts.iptreatment.exception.ExceptionDetailsTest], using SpringBootContextLoader
2021-02-02_21-28-52 [main] INFO  o.s.t.c.s.AbstractContextLoader - Could not detect default resource locations for test class [com.cts.iptreatment.exception.ExceptionDetailsTest]: no resource found for suffixes {-context.xml, Context.groovy}.
2021-02-02_21-28-52 [main] INFO  o.s.t.c.s.AnnotationConfigContextLoaderUtils - Could not detect default configuration classes for test class [com.cts.iptreatment.exception.ExceptionDetailsTest]: ExceptionDetailsTest does not declare any static, non-private, non-final, nested classes annotated with @Configuration.
2021-02-02_21-28-52 [main] INFO  o.s.b.t.c.SpringBootTestContextBootstrapper - Found @SpringBootConfiguration com.cts.iptreatment.IpTreatmentMicroServiceApplication for test class com.cts.iptreatment.exception.ExceptionDetailsTest
2021-02-02_21-28-52 [main] INFO  o.s.b.t.c.SpringBootTestContextBootstrapper - Loaded default TestExecutionListener class names from location [META-INF/spring.factories]: [org.springframework.boot.test.mock.mockito.MockitoTestExecutionListener, org.springframework.boot.test.mock.mockito.ResetMocksTestExecutionListener, org.springframework.boot.test.autoconfigure.restdocs.RestDocsTestExecutionListener, org.springframework.boot.test.autoconfigure.web.client.MockRestServiceServerResetTestExecutionListener, org.springframework.boot.test.autoconfigure.web.servlet.MockMvcPrintOnlyOnFailureTestExecutionListener, org.springframework.boot.test.autoconfigure.web.servlet.WebDriverTestExecutionListener, org.springframework.boot.test.autoconfigure.webservices.client.MockWebServiceServerTestExecutionListener, org.springframework.test.context.web.ServletTestExecutionListener, org.springframework.test.context.support.DirtiesContextBeforeModesTestExecutionListener, org.springframework.test.context.event.ApplicationEventsTestExecutionListener, org.springframework.test.context.support.DependencyInjectionTestExecutionListener, org.springframework.test.context.support.DirtiesContextTestExecutionListener, org.springframework.test.context.transaction.TransactionalTestExecutionListener, org.springframework.test.context.jdbc.SqlScriptsTestExecutionListener, org.springframework.test.context.event.EventPublishingTestExecutionListener]
2021-02-02_21-28-52 [main] INFO  o.s.b.t.c.SpringBootTestContextBootstrapper - Using TestExecutionListeners: [org.springframework.test.context.web.ServletTestExecutionListener@587c2c49, org.springframework.test.context.support.DirtiesContextBeforeModesTestExecutionListener@39e7f83f, org.springframework.test.context.event.ApplicationEventsTestExecutionListener@6d861b1, org.springframework.boot.test.mock.mockito.MockitoTestExecutionListener@68c2e680, org.springframework.boot.test.autoconfigure.SpringBootDependencyInjectionTestExecutionListener@516581b5, org.springframework.test.context.support.DirtiesContextTestExecutionListener@57c5ada6, org.springframework.test.context.transaction.TransactionalTestExecutionListener@12d58b06, org.springframework.test.context.jdbc.SqlScriptsTestExecutionListener@6ddc993a, org.springframework.test.context.event.EventPublishingTestExecutionListener@10c9c51d, org.springframework.boot.test.mock.mockito.ResetMocksTestExecutionListener@6a9be23f, org.springframework.boot.test.autoconfigure.restdocs.RestDocsTestExecutionListener@54a8d9d1, org.springframework.boot.test.autoconfigure.web.client.MockRestServiceServerResetTestExecutionListener@5db49f37, org.springframework.boot.test.autoconfigure.web.servlet.MockMvcPrintOnlyOnFailureTestExecutionListener@38b48b1, org.springframework.boot.test.autoconfigure.web.servlet.WebDriverTestExecutionListener@36b4d8e5, org.springframework.boot.test.autoconfigure.webservices.client.MockWebServiceServerTestExecutionListener@2440f9b3]
2021-02-02_21-29-10 [main] INFO  c.c.i.exception.ExceptionDetailsTest - Starting ExceptionDetailsTest using Java 11.0.3 on PCIN512543 with PID 17724 (started by 877998 in C:\Users\877998\Desktop\International-Patient-Management-System\IPTreatment-MicroService (3)\IPTreatment-MicroService)
2021-02-02_21-29-10 [main] INFO  c.c.i.exception.ExceptionDetailsTest - No active profile set, falling back to default profiles: default
2021-02-02_21-29-10 [main] INFO  o.s.d.r.c.RepositoryConfigurationDelegate - Bootstrapping Spring Data JPA repositories in DEFAULT mode.
2021-02-02_21-29-10 [main] INFO  o.s.d.r.c.RepositoryConfigurationDelegate - Finished Spring Data repository scanning in 30 ms. Found 2 JPA repository interfaces.
2021-02-02_21-29-10 [main] INFO  o.s.cloud.context.scope.GenericScope - BeanFactory id=cd070be7-0aac-36da-88a0-f5ad41f5addd
2021-02-02_21-29-10 [main] INFO  o.s.c.s.PostProcessorRegistrationDelegate$BeanPostProcessorChecker - Bean 'com.cts.iptreatment.feign.AuthorizationClient' of type [org.springframework.cloud.openfeign.FeignClientFactoryBean] is not eligible for getting processed by all BeanPostProcessors (for example: not eligible for auto-proxying)
2021-02-02_21-29-10 [main] INFO  o.s.c.s.PostProcessorRegistrationDelegate$BeanPostProcessorChecker - Bean 'com.cts.iptreatment.feign.IPTreatmentOfferingClient' of type [org.springframework.cloud.openfeign.FeignClientFactoryBean] is not eligible for getting processed by all BeanPostProcessors (for example: not eligible for auto-proxying)
2021-02-02_21-29-10 [main] INFO  o.s.c.s.PostProcessorRegistrationDelegate$BeanPostProcessorChecker - Bean 'com.cts.iptreatment.feign.InsuranceClaimClient' of type [org.springframework.cloud.openfeign.FeignClientFactoryBean] is not eligible for getting processed by all BeanPostProcessors (for example: not eligible for auto-proxying)
2021-02-02_21-29-10 [main] INFO  com.zaxxer.hikari.HikariDataSource - HikariPool-2 - Starting...
2021-02-02_21-29-10 [main] INFO  com.zaxxer.hikari.HikariDataSource - HikariPool-2 - Start completed.
2021-02-02_21-29-10 [main] INFO  o.s.o.j.LocalContainerEntityManagerFactoryBean - Initialized JPA EntityManagerFactory for persistence unit 'default'
2021-02-02_21-29-10 [main] INFO  o.s.b.a.h.H2ConsoleAutoConfiguration - H2 console available at '/db'. Database available at 'jdbc:h2:mem:treatment_db'
2021-02-02_21-29-10 [main] INFO  s.d.s.w.PropertySourcedRequestMappingHandlerMapping - Mapped URL path [/v2/api-docs] onto method [springfox.documentation.swagger2.web.Swagger2Controller#getDocumentation(String, HttpServletRequest)]
2021-02-02_21-29-10 [main] INFO  o.s.s.c.ThreadPoolTaskExecutor - Initializing ExecutorService 'applicationTaskExecutor'
2021-02-02_21-29-10 [main] INFO  s.d.s.w.p.DocumentationPluginsBootstrapper - Context refreshed
2021-02-02_21-29-10 [main] INFO  s.d.s.w.p.DocumentationPluginsBootstrapper - Found 1 custom documentation plugin(s)
2021-02-02_21-29-10 [main] INFO  s.d.s.w.s.ApiListingReferenceScanner - Scanning for api listing references
2021-02-02_21-29-10 [main] INFO  c.c.i.exception.ExceptionDetailsTest - Started ExceptionDetailsTest in 3.717 seconds (JVM running for 28.578)
2021-02-02_21-29-10 [main] INFO  o.s.b.t.c.SpringBootTestContextBootstrapper - Neither @ContextConfiguration nor @ContextHierarchy found for test class [com.cts.iptreatment.service.PatientDetailsServiceTest], using SpringBootContextLoader
2021-02-02_21-29-10 [main] INFO  o.s.t.c.s.AbstractContextLoader - Could not detect default resource locations for test class [com.cts.iptreatment.service.PatientDetailsServiceTest]: no resource found for suffixes {-context.xml, Context.groovy}.
2021-02-02_21-29-10 [main] INFO  o.s.t.c.s.AnnotationConfigContextLoaderUtils - Could not detect default configuration classes for test class [com.cts.iptreatment.service.PatientDetailsServiceTest]: PatientDetailsServiceTest does not declare any static, non-private, non-final, nested classes annotated with @Configuration.
2021-02-02_21-29-10 [main] INFO  o.s.b.t.c.SpringBootTestContextBootstrapper - Found @SpringBootConfiguration com.cts.iptreatment.IpTreatmentMicroServiceApplication for test class com.cts.iptreatment.service.PatientDetailsServiceTest
2021-02-02_21-29-10 [main] INFO  o.s.b.t.c.SpringBootTestContextBootstrapper - Loaded default TestExecutionListener class names from location [META-INF/spring.factories]: [org.springframework.boot.test.mock.mockito.MockitoTestExecutionListener, org.springframework.boot.test.mock.mockito.ResetMocksTestExecutionListener, org.springframework.boot.test.autoconfigure.restdocs.RestDocsTestExecutionListener, org.springframework.boot.test.autoconfigure.web.client.MockRestServiceServerResetTestExecutionListener, org.springframework.boot.test.autoconfigure.web.servlet.MockMvcPrintOnlyOnFailureTestExecutionListener, org.springframework.boot.test.autoconfigure.web.servlet.WebDriverTestExecutionListener, org.springframework.boot.test.autoconfigure.webservices.client.MockWebServiceServerTestExecutionListener, org.springframework.test.context.web.ServletTestExecutionListener, org.springframework.test.context.support.DirtiesContextBeforeModesTestExecutionListener, org.springframework.test.context.event.ApplicationEventsTestExecutionListener, org.springframework.test.context.support.DependencyInjectionTestExecutionListener, org.springframework.test.context.support.DirtiesContextTestExecutionListener, org.springframework.test.context.transaction.TransactionalTestExecutionListener, org.springframework.test.context.jdbc.SqlScriptsTestExecutionListener, org.springframework.test.context.event.EventPublishingTestExecutionListener]
2021-02-02_21-29-10 [main] INFO  o.s.b.t.c.SpringBootTestContextBootstrapper - Using TestExecutionListeners: [org.springframework.test.context.web.ServletTestExecutionListener@6a89f746, org.springframework.test.context.support.DirtiesContextBeforeModesTestExecutionListener@5f6470d5, org.springframework.test.context.event.ApplicationEventsTestExecutionListener@2543d058, org.springframework.boot.test.mock.mockito.MockitoTestExecutionListener@48cb268, org.springframework.boot.test.autoconfigure.SpringBootDependencyInjectionTestExecutionListener@219a4678, org.springframework.test.context.support.DirtiesContextTestExecutionListener@5d847846, org.springframework.test.context.transaction.TransactionalTestExecutionListener@66feb2be, org.springframework.test.context.jdbc.SqlScriptsTestExecutionListener@78053fb, org.springframework.test.context.event.EventPublishingTestExecutionListener@74da7cf5, org.springframework.boot.test.mock.mockito.ResetMocksTestExecutionListener@a626c60, org.springframework.boot.test.autoconfigure.restdocs.RestDocsTestExecutionListener@199a44d0, org.springframework.boot.test.autoconfigure.web.client.MockRestServiceServerResetTestExecutionListener@1c80c393, org.springframework.boot.test.autoconfigure.web.servlet.MockMvcPrintOnlyOnFailureTestExecutionListener@3b9a3922, org.springframework.boot.test.autoconfigure.web.servlet.WebDriverTestExecutionListener@2282435d, org.springframework.boot.test.autoconfigure.webservices.client.MockWebServiceServerTestExecutionListener@69752f19]
2021-02-02_21-29-10 [main] INFO  c.c.i.service.PatientDeatilsService - [Save TreatmentPlan BEGIN]
2021-02-02_21-29-10 [main] INFO  c.c.i.service.PatientDeatilsService - [Save TreatmentPlan END]
2021-02-02_21-29-10 [main] INFO  c.c.i.service.PatientDeatilsService - [Save patient BEGIN]
2021-02-02_21-29-10 [main] INFO  c.c.i.service.PatientDeatilsService - [Save patient END]
2021-02-02_21-29-10 [main] INFO  c.c.i.service.PatientDeatilsService - [Save TreatmentPlan BEGIN]
2021-02-02_21-29-10 [main] INFO  o.s.b.t.c.SpringBootTestContextBootstrapper - Neither @ContextConfiguration nor @ContextHierarchy found for test class [com.cts.iptreatment.IpTreatmentMicroServiceApplicationTests], using SpringBootContextLoader
2021-02-02_21-29-10 [main] INFO  o.s.t.c.s.AbstractContextLoader - Could not detect default resource locations for test class [com.cts.iptreatment.IpTreatmentMicroServiceApplicationTests]: no resource found for suffixes {-context.xml, Context.groovy}.
2021-02-02_21-29-10 [main] INFO  o.s.t.c.s.AnnotationConfigContextLoaderUtils - Could not detect default configuration classes for test class [com.cts.iptreatment.IpTreatmentMicroServiceApplicationTests]: IpTreatmentMicroServiceApplicationTests does not declare any static, non-private, non-final, nested classes annotated with @Configuration.
2021-02-02_21-29-10 [main] INFO  o.s.b.t.c.SpringBootTestContextBootstrapper - Found @SpringBootConfiguration com.cts.iptreatment.IpTreatmentMicroServiceApplication for test class com.cts.iptreatment.IpTreatmentMicroServiceApplicationTests
2021-02-02_21-29-10 [main] INFO  o.s.b.t.c.SpringBootTestContextBootstrapper - Loaded default TestExecutionListener class names from location [META-INF/spring.factories]: [org.springframework.boot.test.mock.mockito.MockitoTestExecutionListener, org.springframework.boot.test.mock.mockito.ResetMocksTestExecutionListener, org.springframework.boot.test.autoconfigure.restdocs.RestDocsTestExecutionListener, org.springframework.boot.test.autoconfigure.web.client.MockRestServiceServerResetTestExecutionListener, org.springframework.boot.test.autoconfigure.web.servlet.MockMvcPrintOnlyOnFailureTestExecutionListener, org.springframework.boot.test.autoconfigure.web.servlet.WebDriverTestExecutionListener, org.springframework.boot.test.autoconfigure.webservices.client.MockWebServiceServerTestExecutionListener, org.springframework.test.context.web.ServletTestExecutionListener, org.springframework.test.context.support.DirtiesContextBeforeModesTestExecutionListener, org.springframework.test.context.event.ApplicationEventsTestExecutionListener, org.springframework.test.context.support.DependencyInjectionTestExecutionListener, org.springframework.test.context.support.DirtiesContextTestExecutionListener, org.springframework.test.context.transaction.TransactionalTestExecutionListener, org.springframework.test.context.jdbc.SqlScriptsTestExecutionListener, org.springframework.test.context.event.EventPublishingTestExecutionListener]
2021-02-02_21-29-10 [main] INFO  o.s.b.t.c.SpringBootTestContextBootstrapper - Using TestExecutionListeners: [org.springframework.test.context.web.ServletTestExecutionListener@555db14f, org.springframework.test.context.support.DirtiesContextBeforeModesTestExecutionListener@6d369434, org.springframework.test.context.event.ApplicationEventsTestExecutionListener@64c2bfd5, org.springframework.boot.test.mock.mockito.MockitoTestExecutionListener@4d1955f6, org.springframework.boot.test.autoconfigure.SpringBootDependencyInjectionTestExecutionListener@75f642d3, org.springframework.test.context.support.DirtiesContextTestExecutionListener@2cb8ef6d, org.springframework.test.context.transaction.TransactionalTestExecutionListener@5df5d138, org.springframework.test.context.jdbc.SqlScriptsTestExecutionListener@5ac49995, org.springframework.test.context.event.EventPublishingTestExecutionListener@1de3a8c4, org.springframework.boot.test.mock.mockito.ResetMocksTestExecutionListener@764bff92, org.springframework.boot.test.autoconfigure.restdocs.RestDocsTestExecutionListener@5448c72, org.springframework.boot.test.autoconfigure.web.client.MockRestServiceServerResetTestExecutionListener@7b32a57e, org.springframework.boot.test.autoconfigure.web.servlet.MockMvcPrintOnlyOnFailureTestExecutionListener@7b179754, org.springframework.boot.test.autoconfigure.web.servlet.WebDriverTestExecutionListener@520940cb, org.springframework.boot.test.autoconfigure.webservices.client.MockWebServiceServerTestExecutionListener@738f61e4]
2021-02-02_21-29-14 [main] INFO  c.c.i.IpTreatmentMicroServiceApplication - Starting IpTreatmentMicroServiceApplication using Java 11.0.3 on PCIN512543 with PID 17724 (started by 877998 in C:\Users\877998\Desktop\International-Patient-Management-System\IPTreatment-MicroService (3)\IPTreatment-MicroService)
2021-02-02_21-29-14 [main] INFO  c.c.i.IpTreatmentMicroServiceApplication - No active profile set, falling back to default profiles: default
2021-02-02_21-29-14 [main] INFO  o.s.d.r.c.RepositoryConfigurationDelegate - Bootstrapping Spring Data JPA repositories in DEFAULT mode.
2021-02-02_21-29-14 [main] INFO  o.s.d.r.c.RepositoryConfigurationDelegate - Finished Spring Data repository scanning in 26 ms. Found 2 JPA repository interfaces.
2021-02-02_21-29-14 [main] INFO  o.s.cloud.context.scope.GenericScope - BeanFactory id=46f28305-d8f3-3ea8-90e1-e0dcfcb23b49
2021-02-02_21-29-14 [main] INFO  o.s.c.s.PostProcessorRegistrationDelegate$BeanPostProcessorChecker - Bean 'com.cts.iptreatment.feign.AuthorizationClient' of type [org.springframework.cloud.openfeign.FeignClientFactoryBean] is not eligible for getting processed by all BeanPostProcessors (for example: not eligible for auto-proxying)
2021-02-02_21-29-14 [main] INFO  o.s.c.s.PostProcessorRegistrationDelegate$BeanPostProcessorChecker - Bean 'com.cts.iptreatment.feign.IPTreatmentOfferingClient' of type [org.springframework.cloud.openfeign.FeignClientFactoryBean] is not eligible for getting processed by all BeanPostProcessors (for example: not eligible for auto-proxying)
2021-02-02_21-29-14 [main] INFO  o.s.c.s.PostProcessorRegistrationDelegate$BeanPostProcessorChecker - Bean 'com.cts.iptreatment.feign.InsuranceClaimClient' of type [org.springframework.cloud.openfeign.FeignClientFactoryBean] is not eligible for getting processed by all BeanPostProcessors (for example: not eligible for auto-proxying)
2021-02-02_21-29-14 [main] INFO  o.s.b.w.e.tomcat.TomcatWebServer - Tomcat initialized with port(s): 8200 (http)
2021-02-02_21-29-14 [main] INFO  o.a.coyote.http11.Http11NioProtocol - Initializing ProtocolHandler ["http-nio-8200"]
2021-02-02_21-29-14 [main] INFO  o.a.catalina.core.StandardService - Starting service [Tomcat]
2021-02-02_21-29-14 [main] INFO  o.a.catalina.core.StandardEngine - Starting Servlet engine: [Apache Tomcat/9.0.41]
2021-02-02_21-29-14 [main] INFO  o.a.c.c.C.[Tomcat].[localhost].[/] - Initializing Spring embedded WebApplicationContext
2021-02-02_21-29-14 [main] INFO  o.s.b.w.s.c.ServletWebServerApplicationContext - Root WebApplicationContext: initialization completed in 6471 ms
2021-02-02_21-29-14 [main] INFO  com.zaxxer.hikari.HikariDataSource - HikariPool-3 - Starting...
2021-02-02_21-29-14 [main] INFO  com.zaxxer.hikari.HikariDataSource - HikariPool-3 - Start completed.
2021-02-02_21-29-14 [main] INFO  o.s.b.a.h.H2ConsoleAutoConfiguration - H2 console available at '/db'. Database available at 'jdbc:h2:mem:treatment_db'
2021-02-02_21-29-14 [main] INFO  o.s.o.j.LocalContainerEntityManagerFactoryBean - Initialized JPA EntityManagerFactory for persistence unit 'default'
2021-02-02_21-29-14 [main] INFO  s.d.s.w.PropertySourcedRequestMappingHandlerMapping - Mapped URL path [/v2/api-docs] onto method [springfox.documentation.swagger2.web.Swagger2Controller#getDocumentation(String, HttpServletRequest)]
2021-02-02_21-29-14 [main] INFO  o.s.s.c.ThreadPoolTaskExecutor - Initializing ExecutorService 'applicationTaskExecutor'
2021-02-02_21-29-14 [main] INFO  o.a.coyote.http11.Http11NioProtocol - Starting ProtocolHandler ["http-nio-8200"]
2021-02-02_21-29-14 [main] INFO  o.s.b.w.e.tomcat.TomcatWebServer - Tomcat started on port(s): 8200 (http) with context path ''
2021-02-02_21-29-14 [main] INFO  s.d.s.w.p.DocumentationPluginsBootstrapper - Context refreshed
2021-02-02_21-29-14 [main] INFO  s.d.s.w.p.DocumentationPluginsBootstrapper - Found 1 custom documentation plugin(s)
2021-02-02_21-29-14 [main] INFO  s.d.s.w.s.ApiListingReferenceScanner - Scanning for api listing references
2021-02-02_21-29-14 [main] INFO  c.c.i.IpTreatmentMicroServiceApplication - Started IpTreatmentMicroServiceApplication in 11.393 seconds (JVM running for 40.47)
2021-02-02_21-29-14 [SpringContextShutdownHook] INFO  o.s.s.c.ThreadPoolTaskExecutor - Shutting down ExecutorService 'applicationTaskExecutor'
2021-02-02_21-29-14 [SpringContextShutdownHook] INFO  o.s.s.c.ThreadPoolTaskExecutor - Shutting down ExecutorService 'applicationTaskExecutor'
2021-02-02_21-29-14 [SpringContextShutdownHook] INFO  o.s.o.j.LocalContainerEntityManagerFactoryBean - Closing JPA EntityManagerFactory for persistence unit 'default'
2021-02-02_21-29-14 [SpringContextShutdownHook] INFO  o.s.o.j.LocalContainerEntityManagerFactoryBean - Closing JPA EntityManagerFactory for persistence unit 'default'
2021-02-02_21-29-14 [SpringContextShutdownHook] INFO  com.zaxxer.hikari.HikariDataSource - HikariPool-1 - Shutdown initiated...
2021-02-02_21-29-14 [SpringContextShutdownHook] INFO  com.zaxxer.hikari.HikariDataSource - HikariPool-2 - Shutdown initiated...
2021-02-02_21-29-14 [SpringContextShutdownHook] INFO  com.zaxxer.hikari.HikariDataSource - HikariPool-1 - Shutdown completed.
2021-02-02_21-29-14 [SpringContextShutdownHook] INFO  com.zaxxer.hikari.HikariDataSource - HikariPool-2 - Shutdown completed.
2021-02-02_21-29-14 [SpringContextShutdownHook] INFO  o.s.s.c.ThreadPoolTaskExecutor - Shutting down ExecutorService 'applicationTaskExecutor'
2021-02-02_21-29-14 [SpringContextShutdownHook] INFO  o.s.o.j.LocalContainerEntityManagerFactoryBean - Closing JPA EntityManagerFactory for persistence unit 'default'
2021-02-02_21-29-14 [SpringContextShutdownHook] INFO  com.zaxxer.hikari.HikariDataSource - HikariPool-3 - Shutdown initiated...
2021-02-02_21-29-14 [SpringContextShutdownHook] INFO  com.zaxxer.hikari.HikariDataSource - HikariPool-3 - Shutdown completed.
2021-02-02_21-35-38 [main] INFO  o.s.b.t.c.SpringBootTestContextBootstrapper - Neither @ContextConfiguration nor @ContextHierarchy found for test class [com.cts.iptreatment.controller.IPTreatmentController], using SpringBootContextLoader
2021-02-02_21-35-38 [main] INFO  o.s.t.c.s.AbstractContextLoader - Could not detect default resource locations for test class [com.cts.iptreatment.controller.IPTreatmentController]: no resource found for suffixes {-context.xml, Context.groovy}.
2021-02-02_21-35-38 [main] INFO  o.s.t.c.s.AnnotationConfigContextLoaderUtils - Could not detect default configuration classes for test class [com.cts.iptreatment.controller.IPTreatmentController]: IPTreatmentController does not declare any static, non-private, non-final, nested classes annotated with @Configuration.
2021-02-02_21-35-38 [main] INFO  o.s.b.t.c.SpringBootTestContextBootstrapper - Found @SpringBootConfiguration com.cts.iptreatment.IpTreatmentMicroServiceApplication for test class com.cts.iptreatment.controller.IPTreatmentController
2021-02-02_21-35-38 [main] INFO  o.s.b.t.c.SpringBootTestContextBootstrapper - Loaded default TestExecutionListener class names from location [META-INF/spring.factories]: [org.springframework.boot.test.mock.mockito.MockitoTestExecutionListener, org.springframework.boot.test.mock.mockito.ResetMocksTestExecutionListener, org.springframework.boot.test.autoconfigure.restdocs.RestDocsTestExecutionListener, org.springframework.boot.test.autoconfigure.web.client.MockRestServiceServerResetTestExecutionListener, org.springframework.boot.test.autoconfigure.web.servlet.MockMvcPrintOnlyOnFailureTestExecutionListener, org.springframework.boot.test.autoconfigure.web.servlet.WebDriverTestExecutionListener, org.springframework.boot.test.autoconfigure.webservices.client.MockWebServiceServerTestExecutionListener, org.springframework.test.context.web.ServletTestExecutionListener, org.springframework.test.context.support.DirtiesContextBeforeModesTestExecutionListener, org.springframework.test.context.event.ApplicationEventsTestExecutionListener, org.springframework.test.context.support.DependencyInjectionTestExecutionListener, org.springframework.test.context.support.DirtiesContextTestExecutionListener, org.springframework.test.context.transaction.TransactionalTestExecutionListener, org.springframework.test.context.jdbc.SqlScriptsTestExecutionListener, org.springframework.test.context.event.EventPublishingTestExecutionListener]
2021-02-02_21-35-38 [main] INFO  o.s.b.t.c.SpringBootTestContextBootstrapper - Using TestExecutionListeners: [org.springframework.test.context.web.ServletTestExecutionListener@219dd935, org.springframework.test.context.support.DirtiesContextBeforeModesTestExecutionListener@66859ea9, org.springframework.test.context.event.ApplicationEventsTestExecutionListener@4a9412c4, org.springframework.boot.test.mock.mockito.MockitoTestExecutionListener@7d15c513, org.springframework.boot.test.autoconfigure.SpringBootDependencyInjectionTestExecutionListener@320efff5, org.springframework.test.context.support.DirtiesContextTestExecutionListener@78b44fcb, org.springframework.test.context.transaction.TransactionalTestExecutionListener@12dc702b, org.springframework.test.context.jdbc.SqlScriptsTestExecutionListener@41b2123e, org.springframework.test.context.event.EventPublishingTestExecutionListener@486bcaa, org.springframework.boot.test.mock.mockito.ResetMocksTestExecutionListener@5e9671e6, org.springframework.boot.test.autoconfigure.restdocs.RestDocsTestExecutionListener@2f3a0f37, org.springframework.boot.test.autoconfigure.web.client.MockRestServiceServerResetTestExecutionListener@7ec8db0c, org.springframework.boot.test.autoconfigure.web.servlet.MockMvcPrintOnlyOnFailureTestExecutionListener@4f1a5b93, org.springframework.boot.test.autoconfigure.web.servlet.WebDriverTestExecutionListener@22ee1ad7, org.springframework.boot.test.autoconfigure.webservices.client.MockWebServiceServerTestExecutionListener@5dd2ea0a]
2021-02-02_21-35-39 [main] INFO  c.c.i.c.IPTreatmentController - Starting IPTreatmentController using Java 11.0.3 on PCIN512543 with PID 7848 (started by 877998 in C:\Users\877998\Desktop\International-Patient-Management-System\IPTreatment-MicroService (3)\IPTreatment-MicroService)
2021-02-02_21-35-39 [main] INFO  c.c.i.c.IPTreatmentController - No active profile set, falling back to default profiles: default
2021-02-02_21-35-39 [main] INFO  o.s.d.r.c.RepositoryConfigurationDelegate - Bootstrapping Spring Data JPA repositories in DEFAULT mode.
2021-02-02_21-35-39 [main] INFO  o.s.d.r.c.RepositoryConfigurationDelegate - Finished Spring Data repository scanning in 75 ms. Found 2 JPA repository interfaces.
2021-02-02_21-35-39 [main] INFO  o.s.cloud.context.scope.GenericScope - BeanFactory id=5610bea5-f8d2-3584-abc2-52aee05e7d21
2021-02-02_21-35-39 [main] INFO  o.s.c.s.PostProcessorRegistrationDelegate$BeanPostProcessorChecker - Bean 'com.cts.iptreatment.feign.InsuranceClaimClient' of type [org.springframework.cloud.openfeign.FeignClientFactoryBean] is not eligible for getting processed by all BeanPostProcessors (for example: not eligible for auto-proxying)
2021-02-02_21-35-39 [main] INFO  com.zaxxer.hikari.HikariDataSource - HikariPool-1 - Starting...
2021-02-02_21-35-39 [main] INFO  com.zaxxer.hikari.HikariDataSource - HikariPool-1 - Start completed.
2021-02-02_21-35-39 [main] INFO  o.s.o.j.LocalContainerEntityManagerFactoryBean - Initialized JPA EntityManagerFactory for persistence unit 'default'
2021-02-02_21-35-39 [main] INFO  o.s.b.a.h.H2ConsoleAutoConfiguration - H2 console available at '/db'. Database available at 'jdbc:h2:mem:treatment_db'
2021-02-02_21-35-39 [main] INFO  s.d.s.w.PropertySourcedRequestMappingHandlerMapping - Mapped URL path [/v2/api-docs] onto method [springfox.documentation.swagger2.web.Swagger2Controller#getDocumentation(String, HttpServletRequest)]
2021-02-02_21-35-39 [main] INFO  o.s.s.c.ThreadPoolTaskExecutor - Initializing ExecutorService 'applicationTaskExecutor'
2021-02-02_21-35-39 [main] INFO  o.s.b.t.m.w.SpringBootMockServletContext - Initializing Spring TestDispatcherServlet ''
2021-02-02_21-35-39 [main] INFO  o.s.t.w.s.TestDispatcherServlet - Initializing Servlet ''
2021-02-02_21-35-39 [main] INFO  o.s.t.w.s.TestDispatcherServlet - Completed initialization in 1 ms
2021-02-02_21-35-39 [main] INFO  s.d.s.w.p.DocumentationPluginsBootstrapper - Context refreshed
2021-02-02_21-35-39 [main] INFO  s.d.s.w.p.DocumentationPluginsBootstrapper - Found 1 custom documentation plugin(s)
2021-02-02_21-35-39 [main] INFO  s.d.s.w.s.ApiListingReferenceScanner - Scanning for api listing references
2021-02-02_21-35-39 [main] INFO  c.c.i.c.IPTreatmentController - Started IPTreatmentController in 7.506 seconds (JVM running for 9.598)
2021-02-02_21-35-39 [main] INFO  o.s.b.t.c.SpringBootTestContextBootstrapper - Neither @ContextConfiguration nor @ContextHierarchy found for test class [com.cts.iptreatment.exception.ExceptionDetailsTest], using SpringBootContextLoader
2021-02-02_21-35-39 [main] INFO  o.s.t.c.s.AbstractContextLoader - Could not detect default resource locations for test class [com.cts.iptreatment.exception.ExceptionDetailsTest]: no resource found for suffixes {-context.xml, Context.groovy}.
2021-02-02_21-35-39 [main] INFO  o.s.t.c.s.AnnotationConfigContextLoaderUtils - Could not detect default configuration classes for test class [com.cts.iptreatment.exception.ExceptionDetailsTest]: ExceptionDetailsTest does not declare any static, non-private, non-final, nested classes annotated with @Configuration.
2021-02-02_21-35-39 [main] INFO  o.s.b.t.c.SpringBootTestContextBootstrapper - Found @SpringBootConfiguration com.cts.iptreatment.IpTreatmentMicroServiceApplication for test class com.cts.iptreatment.exception.ExceptionDetailsTest
2021-02-02_21-35-39 [main] INFO  o.s.b.t.c.SpringBootTestContextBootstrapper - Loaded default TestExecutionListener class names from location [META-INF/spring.factories]: [org.springframework.boot.test.mock.mockito.MockitoTestExecutionListener, org.springframework.boot.test.mock.mockito.ResetMocksTestExecutionListener, org.springframework.boot.test.autoconfigure.restdocs.RestDocsTestExecutionListener, org.springframework.boot.test.autoconfigure.web.client.MockRestServiceServerResetTestExecutionListener, org.springframework.boot.test.autoconfigure.web.servlet.MockMvcPrintOnlyOnFailureTestExecutionListener, org.springframework.boot.test.autoconfigure.web.servlet.WebDriverTestExecutionListener, org.springframework.boot.test.autoconfigure.webservices.client.MockWebServiceServerTestExecutionListener, org.springframework.test.context.web.ServletTestExecutionListener, org.springframework.test.context.support.DirtiesContextBeforeModesTestExecutionListener, org.springframework.test.context.event.ApplicationEventsTestExecutionListener, org.springframework.test.context.support.DependencyInjectionTestExecutionListener, org.springframework.test.context.support.DirtiesContextTestExecutionListener, org.springframework.test.context.transaction.TransactionalTestExecutionListener, org.springframework.test.context.jdbc.SqlScriptsTestExecutionListener, org.springframework.test.context.event.EventPublishingTestExecutionListener]
2021-02-02_21-35-39 [main] INFO  o.s.b.t.c.SpringBootTestContextBootstrapper - Using TestExecutionListeners: [org.springframework.test.context.web.ServletTestExecutionListener@56027c07, org.springframework.test.context.support.DirtiesContextBeforeModesTestExecutionListener@62a607c0, org.springframework.test.context.event.ApplicationEventsTestExecutionListener@16f3a6ac, org.springframework.boot.test.mock.mockito.MockitoTestExecutionListener@1999d6d1, org.springframework.boot.test.autoconfigure.SpringBootDependencyInjectionTestExecutionListener@5cbe63a1, org.springframework.test.context.support.DirtiesContextTestExecutionListener@ef4f7f1, org.springframework.test.context.transaction.TransactionalTestExecutionListener@5b9e645, org.springframework.test.context.jdbc.SqlScriptsTestExecutionListener@52c1977d, org.springframework.test.context.event.EventPublishingTestExecutionListener@7dcd55ef, org.springframework.boot.test.mock.mockito.ResetMocksTestExecutionListener@54af7ed8, org.springframework.boot.test.autoconfigure.restdocs.RestDocsTestExecutionListener@1eee21c6, org.springframework.boot.test.autoconfigure.web.client.MockRestServiceServerResetTestExecutionListener@40ca2719, org.springframework.boot.test.autoconfigure.web.servlet.MockMvcPrintOnlyOnFailureTestExecutionListener@573f60c2, org.springframework.boot.test.autoconfigure.web.servlet.WebDriverTestExecutionListener@78c99d43, org.springframework.boot.test.autoconfigure.webservices.client.MockWebServiceServerTestExecutionListener@1746638d]
2021-02-02_21-35-47 [main] INFO  c.c.i.exception.ExceptionDetailsTest - Starting ExceptionDetailsTest using Java 11.0.3 on PCIN512543 with PID 7848 (started by 877998 in C:\Users\877998\Desktop\International-Patient-Management-System\IPTreatment-MicroService (3)\IPTreatment-MicroService)
2021-02-02_21-35-47 [main] INFO  c.c.i.exception.ExceptionDetailsTest - No active profile set, falling back to default profiles: default
2021-02-02_21-35-47 [main] INFO  o.s.d.r.c.RepositoryConfigurationDelegate - Bootstrapping Spring Data JPA repositories in DEFAULT mode.
2021-02-02_21-35-47 [main] INFO  o.s.d.r.c.RepositoryConfigurationDelegate - Finished Spring Data repository scanning in 25 ms. Found 2 JPA repository interfaces.
2021-02-02_21-35-47 [main] INFO  o.s.cloud.context.scope.GenericScope - BeanFactory id=cd070be7-0aac-36da-88a0-f5ad41f5addd
2021-02-02_21-35-47 [main] INFO  o.s.c.s.PostProcessorRegistrationDelegate$BeanPostProcessorChecker - Bean 'com.cts.iptreatment.feign.AuthorizationClient' of type [org.springframework.cloud.openfeign.FeignClientFactoryBean] is not eligible for getting processed by all BeanPostProcessors (for example: not eligible for auto-proxying)
2021-02-02_21-35-47 [main] INFO  o.s.c.s.PostProcessorRegistrationDelegate$BeanPostProcessorChecker - Bean 'com.cts.iptreatment.feign.IPTreatmentOfferingClient' of type [org.springframework.cloud.openfeign.FeignClientFactoryBean] is not eligible for getting processed by all BeanPostProcessors (for example: not eligible for auto-proxying)
2021-02-02_21-35-47 [main] INFO  o.s.c.s.PostProcessorRegistrationDelegate$BeanPostProcessorChecker - Bean 'com.cts.iptreatment.feign.InsuranceClaimClient' of type [org.springframework.cloud.openfeign.FeignClientFactoryBean] is not eligible for getting processed by all BeanPostProcessors (for example: not eligible for auto-proxying)
2021-02-02_21-35-47 [main] INFO  com.zaxxer.hikari.HikariDataSource - HikariPool-2 - Starting...
2021-02-02_21-35-47 [main] INFO  com.zaxxer.hikari.HikariDataSource - HikariPool-2 - Start completed.
2021-02-02_21-35-47 [main] INFO  o.s.o.j.LocalContainerEntityManagerFactoryBean - Initialized JPA EntityManagerFactory for persistence unit 'default'
2021-02-02_21-35-47 [main] INFO  o.s.b.a.h.H2ConsoleAutoConfiguration - H2 console available at '/db'. Database available at 'jdbc:h2:mem:treatment_db'
2021-02-02_21-35-47 [main] INFO  s.d.s.w.PropertySourcedRequestMappingHandlerMapping - Mapped URL path [/v2/api-docs] onto method [springfox.documentation.swagger2.web.Swagger2Controller#getDocumentation(String, HttpServletRequest)]
2021-02-02_21-35-47 [main] INFO  o.s.s.c.ThreadPoolTaskExecutor - Initializing ExecutorService 'applicationTaskExecutor'
2021-02-02_21-35-47 [main] INFO  s.d.s.w.p.DocumentationPluginsBootstrapper - Context refreshed
2021-02-02_21-35-47 [main] INFO  s.d.s.w.p.DocumentationPluginsBootstrapper - Found 1 custom documentation plugin(s)
2021-02-02_21-35-47 [main] INFO  s.d.s.w.s.ApiListingReferenceScanner - Scanning for api listing references
2021-02-02_21-35-47 [main] INFO  c.c.i.exception.ExceptionDetailsTest - Started ExceptionDetailsTest in 2.094 seconds (JVM running for 12.187)
2021-02-02_21-35-47 [main] INFO  o.s.b.t.c.SpringBootTestContextBootstrapper - Neither @ContextConfiguration nor @ContextHierarchy found for test class [com.cts.iptreatment.service.PatientDetailsServiceTest], using SpringBootContextLoader
2021-02-02_21-35-47 [main] INFO  o.s.t.c.s.AbstractContextLoader - Could not detect default resource locations for test class [com.cts.iptreatment.service.PatientDetailsServiceTest]: no resource found for suffixes {-context.xml, Context.groovy}.
2021-02-02_21-35-47 [main] INFO  o.s.t.c.s.AnnotationConfigContextLoaderUtils - Could not detect default configuration classes for test class [com.cts.iptreatment.service.PatientDetailsServiceTest]: PatientDetailsServiceTest does not declare any static, non-private, non-final, nested classes annotated with @Configuration.
2021-02-02_21-35-47 [main] INFO  o.s.b.t.c.SpringBootTestContextBootstrapper - Found @SpringBootConfiguration com.cts.iptreatment.IpTreatmentMicroServiceApplication for test class com.cts.iptreatment.service.PatientDetailsServiceTest
2021-02-02_21-35-47 [main] INFO  o.s.b.t.c.SpringBootTestContextBootstrapper - Loaded default TestExecutionListener class names from location [META-INF/spring.factories]: [org.springframework.boot.test.mock.mockito.MockitoTestExecutionListener, org.springframework.boot.test.mock.mockito.ResetMocksTestExecutionListener, org.springframework.boot.test.autoconfigure.restdocs.RestDocsTestExecutionListener, org.springframework.boot.test.autoconfigure.web.client.MockRestServiceServerResetTestExecutionListener, org.springframework.boot.test.autoconfigure.web.servlet.MockMvcPrintOnlyOnFailureTestExecutionListener, org.springframework.boot.test.autoconfigure.web.servlet.WebDriverTestExecutionListener, org.springframework.boot.test.autoconfigure.webservices.client.MockWebServiceServerTestExecutionListener, org.springframework.test.context.web.ServletTestExecutionListener, org.springframework.test.context.support.DirtiesContextBeforeModesTestExecutionListener, org.springframework.test.context.event.ApplicationEventsTestExecutionListener, org.springframework.test.context.support.DependencyInjectionTestExecutionListener, org.springframework.test.context.support.DirtiesContextTestExecutionListener, org.springframework.test.context.transaction.TransactionalTestExecutionListener, org.springframework.test.context.jdbc.SqlScriptsTestExecutionListener, org.springframework.test.context.event.EventPublishingTestExecutionListener]
2021-02-02_21-35-47 [main] INFO  o.s.b.t.c.SpringBootTestContextBootstrapper - Using TestExecutionListeners: [org.springframework.test.context.web.ServletTestExecutionListener@62a1dd6a, org.springframework.test.context.support.DirtiesContextBeforeModesTestExecutionListener@5e0690cb, org.springframework.test.context.event.ApplicationEventsTestExecutionListener@625cb8e9, org.springframework.boot.test.mock.mockito.MockitoTestExecutionListener@3fd6224, org.springframework.boot.test.autoconfigure.SpringBootDependencyInjectionTestExecutionListener@6fdba5bc, org.springframework.test.context.support.DirtiesContextTestExecutionListener@531e044, org.springframework.test.context.transaction.TransactionalTestExecutionListener@2ad8bfb, org.springframework.test.context.jdbc.SqlScriptsTestExecutionListener@6aa925c8, org.springframework.test.context.event.EventPublishingTestExecutionListener@58ed8b64, org.springframework.boot.test.mock.mockito.ResetMocksTestExecutionListener@525473fd, org.springframework.boot.test.autoconfigure.restdocs.RestDocsTestExecutionListener@3cc8c81f, org.springframework.boot.test.autoconfigure.web.client.MockRestServiceServerResetTestExecutionListener@1fec3d2b, org.springframework.boot.test.autoconfigure.web.servlet.MockMvcPrintOnlyOnFailureTestExecutionListener@2b6e2319, org.springframework.boot.test.autoconfigure.web.servlet.WebDriverTestExecutionListener@5ad47612, org.springframework.boot.test.autoconfigure.webservices.client.MockWebServiceServerTestExecutionListener@20a6c567]
2021-02-02_21-35-47 [main] INFO  c.c.i.service.PatientDeatilsService - [Save TreatmentPlan BEGIN]
2021-02-02_21-35-47 [main] INFO  c.c.i.service.PatientDeatilsService - [Save TreatmentPlan END]
2021-02-02_21-35-47 [main] INFO  c.c.i.service.PatientDeatilsService - [Save patient BEGIN]
2021-02-02_21-35-47 [main] INFO  c.c.i.service.PatientDeatilsService - [Save patient END]
2021-02-02_21-35-47 [main] INFO  c.c.i.service.PatientDeatilsService - [Save TreatmentPlan BEGIN]
2021-02-02_21-35-47 [main] INFO  o.s.b.t.c.SpringBootTestContextBootstrapper - Neither @ContextConfiguration nor @ContextHierarchy found for test class [com.cts.iptreatment.IpTreatmentMicroServiceApplicationTests], using SpringBootContextLoader
2021-02-02_21-35-47 [main] INFO  o.s.t.c.s.AbstractContextLoader - Could not detect default resource locations for test class [com.cts.iptreatment.IpTreatmentMicroServiceApplicationTests]: no resource found for suffixes {-context.xml, Context.groovy}.
2021-02-02_21-35-47 [main] INFO  o.s.t.c.s.AnnotationConfigContextLoaderUtils - Could not detect default configuration classes for test class [com.cts.iptreatment.IpTreatmentMicroServiceApplicationTests]: IpTreatmentMicroServiceApplicationTests does not declare any static, non-private, non-final, nested classes annotated with @Configuration.
2021-02-02_21-35-47 [main] INFO  o.s.b.t.c.SpringBootTestContextBootstrapper - Found @SpringBootConfiguration com.cts.iptreatment.IpTreatmentMicroServiceApplication for test class com.cts.iptreatment.IpTreatmentMicroServiceApplicationTests
2021-02-02_21-35-47 [main] INFO  o.s.b.t.c.SpringBootTestContextBootstrapper - Loaded default TestExecutionListener class names from location [META-INF/spring.factories]: [org.springframework.boot.test.mock.mockito.MockitoTestExecutionListener, org.springframework.boot.test.mock.mockito.ResetMocksTestExecutionListener, org.springframework.boot.test.autoconfigure.restdocs.RestDocsTestExecutionListener, org.springframework.boot.test.autoconfigure.web.client.MockRestServiceServerResetTestExecutionListener, org.springframework.boot.test.autoconfigure.web.servlet.MockMvcPrintOnlyOnFailureTestExecutionListener, org.springframework.boot.test.autoconfigure.web.servlet.WebDriverTestExecutionListener, org.springframework.boot.test.autoconfigure.webservices.client.MockWebServiceServerTestExecutionListener, org.springframework.test.context.web.ServletTestExecutionListener, org.springframework.test.context.support.DirtiesContextBeforeModesTestExecutionListener, org.springframework.test.context.event.ApplicationEventsTestExecutionListener, org.springframework.test.context.support.DependencyInjectionTestExecutionListener, org.springframework.test.context.support.DirtiesContextTestExecutionListener, org.springframework.test.context.transaction.TransactionalTestExecutionListener, org.springframework.test.context.jdbc.SqlScriptsTestExecutionListener, org.springframework.test.context.event.EventPublishingTestExecutionListener]
2021-02-02_21-35-47 [main] INFO  o.s.b.t.c.SpringBootTestContextBootstrapper - Using TestExecutionListeners: [org.springframework.test.context.web.ServletTestExecutionListener@487c0036, org.springframework.test.context.support.DirtiesContextBeforeModesTestExecutionListener@3dbe50b9, org.springframework.test.context.event.ApplicationEventsTestExecutionListener@646048e2, org.springframework.boot.test.mock.mockito.MockitoTestExecutionListener@2f19583d, org.springframework.boot.test.autoconfigure.SpringBootDependencyInjectionTestExecutionListener@74c8058, org.springframework.test.context.support.DirtiesContextTestExecutionListener@48383390, org.springframework.test.context.transaction.TransactionalTestExecutionListener@2e79552d, org.springframework.test.context.jdbc.SqlScriptsTestExecutionListener@4bc4286f, org.springframework.test.context.event.EventPublishingTestExecutionListener@28693f0f, org.springframework.boot.test.mock.mockito.ResetMocksTestExecutionListener@21c42d21, org.springframework.boot.test.autoconfigure.restdocs.RestDocsTestExecutionListener@4570c409, org.springframework.boot.test.autoconfigure.web.client.MockRestServiceServerResetTestExecutionListener@2f1d1b98, org.springframework.boot.test.autoconfigure.web.servlet.MockMvcPrintOnlyOnFailureTestExecutionListener@4eedd833, org.springframework.boot.test.autoconfigure.web.servlet.WebDriverTestExecutionListener@4e4049ea, org.springframework.boot.test.autoconfigure.webservices.client.MockWebServiceServerTestExecutionListener@dd38ca7]
2021-02-02_21-35-49 [main] INFO  c.c.i.IpTreatmentMicroServiceApplication - Starting IpTreatmentMicroServiceApplication using Java 11.0.3 on PCIN512543 with PID 7848 (started by 877998 in C:\Users\877998\Desktop\International-Patient-Management-System\IPTreatment-MicroService (3)\IPTreatment-MicroService)
2021-02-02_21-35-49 [main] INFO  c.c.i.IpTreatmentMicroServiceApplication - No active profile set, falling back to default profiles: default
2021-02-02_21-35-49 [main] INFO  o.s.d.r.c.RepositoryConfigurationDelegate - Bootstrapping Spring Data JPA repositories in DEFAULT mode.
2021-02-02_21-35-49 [main] INFO  o.s.d.r.c.RepositoryConfigurationDelegate - Finished Spring Data repository scanning in 22 ms. Found 2 JPA repository interfaces.
2021-02-02_21-35-49 [main] INFO  o.s.cloud.context.scope.GenericScope - BeanFactory id=46f28305-d8f3-3ea8-90e1-e0dcfcb23b49
2021-02-02_21-35-49 [main] INFO  o.s.c.s.PostProcessorRegistrationDelegate$BeanPostProcessorChecker - Bean 'com.cts.iptreatment.feign.AuthorizationClient' of type [org.springframework.cloud.openfeign.FeignClientFactoryBean] is not eligible for getting processed by all BeanPostProcessors (for example: not eligible for auto-proxying)
2021-02-02_21-35-49 [main] INFO  o.s.c.s.PostProcessorRegistrationDelegate$BeanPostProcessorChecker - Bean 'com.cts.iptreatment.feign.IPTreatmentOfferingClient' of type [org.springframework.cloud.openfeign.FeignClientFactoryBean] is not eligible for getting processed by all BeanPostProcessors (for example: not eligible for auto-proxying)
2021-02-02_21-35-49 [main] INFO  o.s.c.s.PostProcessorRegistrationDelegate$BeanPostProcessorChecker - Bean 'com.cts.iptreatment.feign.InsuranceClaimClient' of type [org.springframework.cloud.openfeign.FeignClientFactoryBean] is not eligible for getting processed by all BeanPostProcessors (for example: not eligible for auto-proxying)
2021-02-02_21-35-49 [main] INFO  o.s.b.w.e.tomcat.TomcatWebServer - Tomcat initialized with port(s): 8200 (http)
2021-02-02_21-35-49 [main] INFO  o.a.coyote.http11.Http11NioProtocol - Initializing ProtocolHandler ["http-nio-8200"]
2021-02-02_21-35-49 [main] INFO  o.a.catalina.core.StandardService - Starting service [Tomcat]
2021-02-02_21-35-49 [main] INFO  o.a.catalina.core.StandardEngine - Starting Servlet engine: [Apache Tomcat/9.0.41]
2021-02-02_21-35-49 [main] INFO  o.a.c.c.C.[Tomcat].[localhost].[/] - Initializing Spring embedded WebApplicationContext
2021-02-02_21-35-49 [main] INFO  o.s.b.w.s.c.ServletWebServerApplicationContext - Root WebApplicationContext: initialization completed in 788 ms
2021-02-02_21-35-49 [main] INFO  com.zaxxer.hikari.HikariDataSource - HikariPool-3 - Starting...
2021-02-02_21-35-49 [main] INFO  com.zaxxer.hikari.HikariDataSource - HikariPool-3 - Start completed.
2021-02-02_21-35-49 [main] INFO  o.s.b.a.h.H2ConsoleAutoConfiguration - H2 console available at '/db'. Database available at 'jdbc:h2:mem:treatment_db'
2021-02-02_21-35-49 [main] INFO  o.s.o.j.LocalContainerEntityManagerFactoryBean - Initialized JPA EntityManagerFactory for persistence unit 'default'
2021-02-02_21-35-49 [main] INFO  s.d.s.w.PropertySourcedRequestMappingHandlerMapping - Mapped URL path [/v2/api-docs] onto method [springfox.documentation.swagger2.web.Swagger2Controller#getDocumentation(String, HttpServletRequest)]
2021-02-02_21-35-49 [main] INFO  o.s.s.c.ThreadPoolTaskExecutor - Initializing ExecutorService 'applicationTaskExecutor'
2021-02-02_21-35-49 [main] INFO  o.a.coyote.http11.Http11NioProtocol - Starting ProtocolHandler ["http-nio-8200"]
2021-02-02_21-35-49 [main] INFO  o.s.b.w.e.tomcat.TomcatWebServer - Tomcat started on port(s): 8200 (http) with context path ''
2021-02-02_21-35-49 [main] INFO  s.d.s.w.p.DocumentationPluginsBootstrapper - Context refreshed
2021-02-02_21-35-49 [main] INFO  s.d.s.w.p.DocumentationPluginsBootstrapper - Found 1 custom documentation plugin(s)
2021-02-02_21-35-49 [main] INFO  s.d.s.w.s.ApiListingReferenceScanner - Scanning for api listing references
2021-02-02_21-35-49 [main] INFO  c.c.i.IpTreatmentMicroServiceApplication - Started IpTreatmentMicroServiceApplication in 1.803 seconds (JVM running for 14.262)
2021-02-02_21-35-49 [SpringContextShutdownHook] INFO  o.s.s.c.ThreadPoolTaskExecutor - Shutting down ExecutorService 'applicationTaskExecutor'
2021-02-02_21-35-49 [SpringContextShutdownHook] INFO  o.s.s.c.ThreadPoolTaskExecutor - Shutting down ExecutorService 'applicationTaskExecutor'
2021-02-02_21-35-49 [SpringContextShutdownHook] INFO  o.s.o.j.LocalContainerEntityManagerFactoryBean - Closing JPA EntityManagerFactory for persistence unit 'default'
2021-02-02_21-35-49 [SpringContextShutdownHook] INFO  o.s.o.j.LocalContainerEntityManagerFactoryBean - Closing JPA EntityManagerFactory for persistence unit 'default'
2021-02-02_21-35-49 [SpringContextShutdownHook] INFO  com.zaxxer.hikari.HikariDataSource - HikariPool-1 - Shutdown initiated...
2021-02-02_21-35-49 [SpringContextShutdownHook] INFO  com.zaxxer.hikari.HikariDataSource - HikariPool-2 - Shutdown initiated...
2021-02-02_21-35-49 [SpringContextShutdownHook] INFO  com.zaxxer.hikari.HikariDataSource - HikariPool-1 - Shutdown completed.
2021-02-02_21-35-49 [SpringContextShutdownHook] INFO  com.zaxxer.hikari.HikariDataSource - HikariPool-2 - Shutdown completed.
2021-02-02_21-35-49 [SpringContextShutdownHook] INFO  o.s.s.c.ThreadPoolTaskExecutor - Shutting down ExecutorService 'applicationTaskExecutor'
2021-02-02_21-35-49 [SpringContextShutdownHook] INFO  o.s.o.j.LocalContainerEntityManagerFactoryBean - Closing JPA EntityManagerFactory for persistence unit 'default'
2021-02-02_21-35-49 [SpringContextShutdownHook] INFO  com.zaxxer.hikari.HikariDataSource - HikariPool-3 - Shutdown initiated...
2021-02-02_21-35-49 [SpringContextShutdownHook] INFO  com.zaxxer.hikari.HikariDataSource - HikariPool-3 - Shutdown completed.
